<?xml version="1.0" encoding="UTF-8"?>
<!-- Generated by org.testng.reporters.JUnitReportReporter -->
<testsuite hostname="SHLOK" failures="0" tests="1" name="testCases.LoginPageTest" time="13.792" errors="0" timestamp="2024-03-02T14:39:30 IST" skipped="0">
  <testcase classname="testCases.LoginPageTest" name="TestLogin" time="13.792"/>
</testsuite> <!-- testCases.LoginPageTest -->
